<?xml version="1.0" encoding="UTF-8"?>
<!-- Generated by org.testng.reporters.JUnitXMLReporter -->
<testsuite ignored="6" hostname="LAPTOP-2363VGBI" failures="0" tests="4" name="Test" time="40.851" errors="0" timestamp="2022-05-02T17:17:51 IST">
  <testcase classname="com.demoqa.TestCases.TC_LoginTest_001" name="loginTest" time="19.519"/>
  <testcase classname="com.demoqa.TestCases.TC_TextBox_002" name="main" time="4.094"/>
  <testcase classname="com.demoqa.TestCases.TC_CheckBox_003" name="CheckboxTest" time="9.525"/>
  <testcase classname="com.demoqa.TestCases.TC_RadioButton_004" name="RadioButtonTest" time="3.959"/>
  <testcase classname="com.demoqa.TestCases.BaseClassdmq" name="@AfterTest teardown" time="0.0">
    <ignored/>
  </testcase> <!-- @AfterTest teardown -->
  <testcase classname="com.demoqa.TestCases.BaseClassdmq" name="@AfterTest teardown" time="0.0">
    <ignored/>
  </testcase> <!-- @AfterTest teardown -->
  <testcase classname="com.demoqa.TestCases.BaseClassdmq" name="@AfterTest teardown" time="0.0">
    <ignored/>
  </testcase> <!-- @AfterTest teardown -->
  <testcase classname="com.demoqa.TestCases.BaseClassdmq" name="@BeforeTest setup" time="0.0">
    <ignored/>
  </testcase> <!-- @BeforeTest setup -->
  <testcase classname="com.demoqa.TestCases.BaseClassdmq" name="@BeforeTest setup" time="0.0">
    <ignored/>
  </testcase> <!-- @BeforeTest setup -->
  <testcase classname="com.demoqa.TestCases.BaseClassdmq" name="@BeforeTest setup" time="0.0">
    <ignored/>
  </testcase> <!-- @BeforeTest setup -->
</testsuite> <!-- Test -->
