<?xml version="1.0" encoding="UTF-8"?>
<testng-results ignored="6" total="10" passed="4" failed="0" skipped="0">
  <reporter-output>
  </reporter-output>
  <suite started-at="2022-05-02T17:17:10 IST" name="Suite" finished-at="2022-05-02T17:17:51 IST" duration-ms="40851">
    <groups>
    </groups>
    <test started-at="2022-05-02T17:17:10 IST" name="Test" finished-at="2022-05-02T17:17:51 IST" duration-ms="40851">
      <class name="com.demoqa.TestCases.TC_TextBox_002">
        <test-method signature="main()[pri:0, instance:com.demoqa.TestCases.TC_TextBox_002@222545dc]" started-at="2022-05-02T17:17:33 IST" name="main" finished-at="2022-05-02T17:17:37 IST" duration-ms="4094" status="PASS">
          <reporter-output>
          </reporter-output>
        </test-method> <!-- main -->
      </class> <!-- com.demoqa.TestCases.TC_TextBox_002 -->
      <class name="com.demoqa.TestCases.TC_LoginTest_001">
        <test-method is-config="true" signature="setup()[pri:0, instance:com.demoqa.TestCases.TC_LoginTest_001@2a798d51]" started-at="2022-05-02T17:17:10 IST" name="setup" finished-at="2022-05-02T17:17:13 IST" duration-ms="3136" status="PASS">
          <reporter-output>
          </reporter-output>
        </test-method> <!-- setup -->
        <test-method signature="loginTest()[pri:0, instance:com.demoqa.TestCases.TC_LoginTest_001@2a798d51]" started-at="2022-05-02T17:17:13 IST" name="loginTest" finished-at="2022-05-02T17:17:33 IST" duration-ms="19519" status="PASS">
          <reporter-output>
          </reporter-output>
        </test-method> <!-- loginTest -->
        <test-method is-config="true" signature="teardown()[pri:0, instance:com.demoqa.TestCases.TC_LoginTest_001@2a798d51]" started-at="2022-05-02T17:17:50 IST" name="teardown" finished-at="2022-05-02T17:17:51 IST" duration-ms="579" status="PASS">
          <reporter-output>
          </reporter-output>
        </test-method> <!-- teardown -->
      </class> <!-- com.demoqa.TestCases.TC_LoginTest_001 -->
      <class name="com.demoqa.TestCases.TC_RadioButton_004">
        <test-method signature="RadioButtonTest()[pri:0, instance:com.demoqa.TestCases.TC_RadioButton_004@16293aa2]" started-at="2022-05-02T17:17:46 IST" name="RadioButtonTest" finished-at="2022-05-02T17:17:50 IST" duration-ms="3959" status="PASS">
          <reporter-output>
          </reporter-output>
        </test-method> <!-- RadioButtonTest -->
      </class> <!-- com.demoqa.TestCases.TC_RadioButton_004 -->
      <class name="com.demoqa.TestCases.TC_CheckBox_003">
        <test-method signature="CheckboxTest()[pri:0, instance:com.demoqa.TestCases.TC_CheckBox_003@5c5eefef]" started-at="2022-05-02T17:17:37 IST" name="CheckboxTest" finished-at="2022-05-02T17:17:46 IST" duration-ms="9525" status="PASS">
          <reporter-output>
          </reporter-output>
        </test-method> <!-- CheckboxTest -->
      </class> <!-- com.demoqa.TestCases.TC_CheckBox_003 -->
    </test> <!-- Test -->
  </suite> <!-- Suite -->
</testng-results>
